2026-04-15T23:42:59 | INFO     | trading_bot.orders | Placing MARKET BUY 0.001 BTCUSDT
2026-04-15T23:42:59 | DEBUG    | trading_bot.client | POST /fapi/v1/order params={'symbol': 'BTCUSDT', 'side': 'BUY', 'type': 'MARKET', 'quantity': '0.001', 'timestamp': 1776276779484, 'recvWindow': 5000}
2026-04-15T23:43:00 | DEBUG    | trading_bot.client | Response 200: {'orderId': 13037508306, 'symbol': 'BTCUSDT', 'status': 'NEW', 'clientOrderId': 'ca8Bw7BfclfJYIBafB9VI3', 'price': '0.00', 'avgPrice': '0.00', 'origQty': '0.0010', 'executedQty': '0.0000', 'cumQty': '0.0000', 'cumQuote': '0.000000', 'timeInForce': 'GTC', 'type': 'MARKET', 'reduceOnly': False, 'closePosition': False, 'side': 'BUY', 'positionSide': 'BOTH', 'stopPrice': '0.00', 'workingType': 'CONTRACT_PRICE', 'priceProtect': False, 'origType': 'MARKET', 'priceMatch': 'NONE', 'selfTradePreventionMode': 'EXPIRE_MAKER', 'goodTillDate': 0, 'updateTime': 1776276780241}
2026-04-15T23:43:00 | INFO     | trading_bot.orders | Order placed. ID: 13037508306 | Status: NEW
2026-04-15T23:44:40 | INFO     | trading_bot.orders | Placing MARKET BUY 0.001 BTCUSDT
2026-04-15T23:44:40 | DEBUG    | trading_bot.client | POST /fapi/v1/order params={'symbol': 'BTCUSDT', 'side': 'BUY', 'type': 'MARKET', 'quantity': '0.001', 'timestamp': 1776276880513, 'recvWindow': 5000}
2026-04-15T23:44:40 | DEBUG    | trading_bot.client | Response 200: {'orderId': 13037510915, 'symbol': 'BTCUSDT', 'status': 'NEW', 'clientOrderId': 'NsYjW2vUJupOWyn7EYa6wx', 'price': '0.00', 'avgPrice': '0.00', 'origQty': '0.0010', 'executedQty': '0.0000', 'cumQty': '0.0000', 'cumQuote': '0.000000', 'timeInForce': 'GTC', 'type': 'MARKET', 'reduceOnly': False, 'closePosition': False, 'side': 'BUY', 'positionSide': 'BOTH', 'stopPrice': '0.00', 'workingType': 'CONTRACT_PRICE', 'priceProtect': False, 'origType': 'MARKET', 'priceMatch': 'NONE', 'selfTradePreventionMode': 'EXPIRE_MAKER', 'goodTillDate': 0, 'updateTime': 1776276881109}
2026-04-15T23:44:40 | INFO     | trading_bot.orders | Order placed. ID: 13037510915 | Status: NEW
2026-04-15T23:47:55 | INFO     | trading_bot.orders | Placing LIMIT SELL 0.001 BTCUSDT @ 100000
2026-04-15T23:47:55 | DEBUG    | trading_bot.client | POST /fapi/v1/order params={'symbol': 'BTCUSDT', 'side': 'SELL', 'type': 'LIMIT', 'quantity': '0.001', 'price': '100000', 'timeInForce': 'GTC', 'timestamp': 1776277075974, 'recvWindow': 5000}
2026-04-15T23:47:56 | DEBUG    | trading_bot.client | Response 200: {'orderId': 13037513468, 'symbol': 'BTCUSDT', 'status': 'NEW', 'clientOrderId': 're9J3jKVV8wkaWJpJKZedy', 'price': '100000.00', 'avgPrice': '0.00', 'origQty': '0.0010', 'executedQty': '0.0000', 'cumQty': '0.0000', 'cumQuote': '0.000000', 'timeInForce': 'GTC', 'type': 'LIMIT', 'reduceOnly': False, 'closePosition': False, 'side': 'SELL', 'positionSide': 'BOTH', 'stopPrice': '0.00', 'workingType': 'CONTRACT_PRICE', 'priceProtect': False, 'origType': 'LIMIT', 'priceMatch': 'NONE', 'selfTradePreventionMode': 'EXPIRE_MAKER', 'goodTillDate': 0, 'updateTime': 1776277076582}
2026-04-15T23:47:56 | INFO     | trading_bot.orders | Order placed. ID: 13037513468 | Status: NEW
2026-04-15T23:49:03 | INFO     | trading_bot.orders | Placing STOP_MARKET SELL 0.001 BTCUSDT trigger @ 40000
2026-04-15T23:49:03 | DEBUG    | trading_bot.client | POST /fapi/v1/order params={'symbol': 'BTCUSDT', 'side': 'SELL', 'type': 'STOP_MARKET', 'quantity': '0.001', 'stopPrice': '40000', 'timestamp': 1776277143290, 'recvWindow': 5000}
2026-04-15T23:49:03 | DEBUG    | trading_bot.client | Response 400: {'code': -4120, 'msg': 'Order type not supported for this endpoint. Please use the Algo Order API endpoints instead.'}
2026-04-15T23:49:03 | ERROR    | trading_bot.client | Binance API error [-4120]: Order type not supported for this endpoint. Please use the Algo Order API endpoints instead.
2026-04-16T00:10:03 | DEBUG    | trading_bot.client | POST /fapi/v1/order params={'symbol': 'BTCUSDT', 'timestamp': 1776278403383, 'recvWindow': 5000}
2026-04-16T00:10:03 | DEBUG    | trading_bot.client | Response 200: {'orderId': 12345, 'symbol': 'BTCUSDT', 'status': 'NEW'}
2026-04-16T00:10:03 | DEBUG    | trading_bot.client | POST /fapi/v1/order params={'symbol': 'BTCUSDT', 'timestamp': 1776278403391, 'recvWindow': 5000}
2026-04-16T00:10:03 | DEBUG    | trading_bot.client | Response 400: {'code': -1102, 'msg': "Mandatory parameter 'timeInForce' was not sent, was empty/null..."}
2026-04-16T00:10:03 | ERROR    | trading_bot.client | Binance API error [-1102]: Mandatory parameter 'timeInForce' was not sent, was empty/null...
2026-04-16T00:10:03 | DEBUG    | trading_bot.client | POST /fapi/v1/order params={'symbol': 'BTCUSDT', 'timestamp': 1776278403397, 'recvWindow': 5000}
2026-04-16T00:10:03 | ERROR    | trading_bot.client | Request timeout: POST /fapi/v1/order
2026-04-16T00:10:03 | INFO     | trading_bot.orders | Placing MARKET BUY 0.05 ETHUSDT
2026-04-16T00:10:03 | INFO     | trading_bot.orders | Order placed. ID: 111 | Status: N/A
2026-04-16T00:10:03 | INFO     | trading_bot.orders | Placing LIMIT SELL 0.1 BTCUSDT @ 50000
2026-04-16T00:10:03 | INFO     | trading_bot.orders | Order placed. ID: 222 | Status: N/A
2026-04-16T00:10:03 | INFO     | trading_bot.orders | Placing STOP_MARKET SELL 0.1 BTCUSDT trigger @ 40000
2026-04-16T00:10:03 | INFO     | trading_bot.orders | Order placed. ID: 333 | Status: N/A
2026-04-16T00:10:33 | DEBUG    | trading_bot.client | POST /fapi/v1/order params={'symbol': 'BTCUSDT', 'timestamp': 1776278433454, 'recvWindow': 5000}
2026-04-16T00:10:33 | DEBUG    | trading_bot.client | Response 200: {'orderId': 12345, 'symbol': 'BTCUSDT', 'status': 'NEW'}
2026-04-16T00:10:33 | DEBUG    | trading_bot.client | POST /fapi/v1/order params={'symbol': 'BTCUSDT', 'timestamp': 1776278433458, 'recvWindow': 5000}
2026-04-16T00:10:33 | DEBUG    | trading_bot.client | Response 400: {'code': -1102, 'msg': "Mandatory parameter 'timeInForce' was not sent, was empty/null..."}
2026-04-16T00:10:33 | ERROR    | trading_bot.client | Binance API error [-1102]: Mandatory parameter 'timeInForce' was not sent, was empty/null...
2026-04-16T00:10:33 | DEBUG    | trading_bot.client | POST /fapi/v1/order params={'symbol': 'BTCUSDT', 'timestamp': 1776278433461, 'recvWindow': 5000}
2026-04-16T00:10:33 | ERROR    | trading_bot.client | Request timeout: POST /fapi/v1/order
2026-04-16T00:10:33 | INFO     | trading_bot.orders | Placing MARKET BUY 0.05 ETHUSDT
2026-04-16T00:10:33 | INFO     | trading_bot.orders | Order placed. ID: 111 | Status: N/A
2026-04-16T00:10:33 | INFO     | trading_bot.orders | Placing LIMIT SELL 0.1 BTCUSDT @ 50000
2026-04-16T00:10:33 | INFO     | trading_bot.orders | Order placed. ID: 222 | Status: N/A
2026-04-16T00:10:33 | INFO     | trading_bot.orders | Placing STOP_MARKET SELL 0.1 BTCUSDT trigger @ 40000
2026-04-16T00:10:33 | INFO     | trading_bot.orders | Order placed. ID: 333 | Status: N/A
2026-04-16T00:10:50 | DEBUG    | trading_bot.client | POST /fapi/v1/order params={'symbol': 'BTCUSDT', 'timestamp': 1776278450454, 'recvWindow': 5000}
2026-04-16T00:10:50 | DEBUG    | trading_bot.client | Response 200: {'orderId': 12345, 'symbol': 'BTCUSDT', 'status': 'NEW'}
2026-04-16T00:10:50 | DEBUG    | trading_bot.client | POST /fapi/v1/order params={'symbol': 'BTCUSDT', 'timestamp': 1776278450459, 'recvWindow': 5000}
2026-04-16T00:10:50 | DEBUG    | trading_bot.client | Response 400: {'code': -1102, 'msg': "Mandatory parameter 'timeInForce' was not sent, was empty/null..."}
2026-04-16T00:10:50 | ERROR    | trading_bot.client | Binance API error [-1102]: Mandatory parameter 'timeInForce' was not sent, was empty/null...
2026-04-16T00:10:50 | DEBUG    | trading_bot.client | POST /fapi/v1/order params={'symbol': 'BTCUSDT', 'timestamp': 1776278450462, 'recvWindow': 5000}
2026-04-16T00:10:50 | ERROR    | trading_bot.client | Request timeout: POST /fapi/v1/order
2026-04-16T00:10:50 | INFO     | trading_bot.orders | Placing MARKET BUY 0.05 ETHUSDT
2026-04-16T00:10:50 | INFO     | trading_bot.orders | Order placed. ID: 111 | Status: N/A
2026-04-16T00:10:50 | INFO     | trading_bot.orders | Placing LIMIT SELL 0.1 BTCUSDT @ 50000
2026-04-16T00:10:50 | INFO     | trading_bot.orders | Order placed. ID: 222 | Status: N/A
2026-04-16T00:10:50 | INFO     | trading_bot.orders | Placing STOP_MARKET SELL 0.1 BTCUSDT trigger @ 40000
2026-04-16T00:10:50 | INFO     | trading_bot.orders | Order placed. ID: 333 | Status: N/A
2026-04-16T00:14:02 | DEBUG    | trading_bot.client | POST /fapi/v1/order params={'symbol': 'BTCUSDT', 'timestamp': 1776278642040, 'recvWindow': 5000}
2026-04-16T00:14:02 | DEBUG    | trading_bot.client | Response 200: {'orderId': 12345, 'symbol': 'BTCUSDT', 'status': 'NEW'}
2026-04-16T00:14:02 | DEBUG    | trading_bot.client | POST /fapi/v1/order params={'symbol': 'BTCUSDT', 'timestamp': 1776278642047, 'recvWindow': 5000}
2026-04-16T00:14:02 | DEBUG    | trading_bot.client | Response 400: {'code': -1102, 'msg': "Mandatory parameter 'timeInForce' was not sent, was empty/null..."}
2026-04-16T00:14:02 | ERROR    | trading_bot.client | Binance API error [-1102]: Mandatory parameter 'timeInForce' was not sent, was empty/null...
2026-04-16T00:14:02 | DEBUG    | trading_bot.client | POST /fapi/v1/order params={'symbol': 'BTCUSDT', 'timestamp': 1776278642053, 'recvWindow': 5000}
2026-04-16T00:14:02 | ERROR    | trading_bot.client | Request timeout: POST /fapi/v1/order
2026-04-16T00:14:02 | INFO     | trading_bot.orders | Placing MARKET BUY 0.05 ETHUSDT
2026-04-16T00:14:02 | INFO     | trading_bot.orders | Order placed. ID: 111 | Status: N/A
2026-04-16T00:14:02 | INFO     | trading_bot.orders | Placing LIMIT SELL 0.1 BTCUSDT @ 50000
2026-04-16T00:14:02 | INFO     | trading_bot.orders | Order placed. ID: 222 | Status: N/A
2026-04-16T00:14:02 | INFO     | trading_bot.orders | Placing STOP_MARKET SELL 0.1 BTCUSDT trigger @ 40000
2026-04-16T00:14:02 | INFO     | trading_bot.orders | Order placed. ID: 333 | Status: N/A
2026-04-16T00:15:02 | DEBUG    | trading_bot.client | POST /fapi/v1/order params={'symbol': 'BTCUSDT', 'timestamp': 1776278702160, 'recvWindow': 5000}
2026-04-16T00:15:02 | DEBUG    | trading_bot.client | Response 200: {'orderId': 12345, 'symbol': 'BTCUSDT', 'status': 'NEW'}
2026-04-16T00:15:02 | DEBUG    | trading_bot.client | POST /fapi/v1/order params={'symbol': 'BTCUSDT', 'timestamp': 1776278702168, 'recvWindow': 5000}
2026-04-16T00:15:02 | DEBUG    | trading_bot.client | Response 400: {'code': -1102, 'msg': "Mandatory parameter 'timeInForce' was not sent, was empty/null..."}
2026-04-16T00:15:02 | ERROR    | trading_bot.client | Binance API error [-1102]: Mandatory parameter 'timeInForce' was not sent, was empty/null...
2026-04-16T00:15:02 | DEBUG    | trading_bot.client | POST /fapi/v1/order params={'symbol': 'BTCUSDT', 'timestamp': 1776278702174, 'recvWindow': 5000}
2026-04-16T00:15:02 | ERROR    | trading_bot.client | Request timeout: POST /fapi/v1/order
2026-04-16T00:15:02 | DEBUG    | trading_bot.client | POST /fapi/v1/order params={'symbol': 'BTCUSDT', 'timestamp': 1776278702178, 'recvWindow': 5000}
2026-04-16T00:15:02 | ERROR    | trading_bot.client | Connection error: POST /fapi/v1/order
2026-04-16T00:15:02 | DEBUG    | trading_bot.client | POST /fapi/v1/order params={'symbol': 'BTCUSDT', 'timestamp': 1776278702182, 'recvWindow': 5000}
2026-04-16T00:15:02 | ERROR    | trading_bot.client | Non-JSON response [502]: <html>502 Bad Gateway</html>
2026-04-16T00:15:02 | DEBUG    | trading_bot.client | POST /fapi/v1/order params={'symbol': 'BTCUSDT', 'timestamp': 1776278702187, 'recvWindow': 5000}
2026-04-16T00:15:02 | DEBUG    | trading_bot.client | Response 500: {'other': 'error'}
2026-04-16T00:15:02 | ERROR    | trading_bot.client | HTTP 500: {"other": "error"}
2026-04-16T00:15:02 | INFO     | trading_bot.orders | Placing MARKET BUY 0.05 ETHUSDT
2026-04-16T00:15:02 | INFO     | trading_bot.orders | Order placed. ID: 111 | Status: N/A
2026-04-16T00:15:02 | INFO     | trading_bot.orders | Placing LIMIT SELL 0.1 BTCUSDT @ 50000
2026-04-16T00:15:02 | INFO     | trading_bot.orders | Order placed. ID: 222 | Status: N/A
2026-04-16T00:15:02 | INFO     | trading_bot.orders | Placing STOP_MARKET SELL 0.1 BTCUSDT trigger @ 40000
2026-04-16T00:15:02 | INFO     | trading_bot.orders | Order placed. ID: 333 | Status: N/A
